<?xml version="1.0" encoding="UTF-8"?>
<testng-results skipped="0" failed="0" ignored="24" total="37" passed="13">
  <reporter-output>
  </reporter-output>
  <suite name="Suite" duration-ms="57707" started-at="2020-08-26T02:07:58 CDT" finished-at="2020-08-26T02:08:55 CDT">
    <groups>
    </groups>
    <test name="Test" duration-ms="57707" started-at="2020-08-26T02:07:58 CDT" finished-at="2020-08-26T02:08:55 CDT">
      <class name="test.Test_Privacy_Footer">
        <test-method status="PASS" signature="login()[pri:0, instance:test.Test_Privacy_Footer@6156496]" name="login" is-config="true" duration-ms="2370" started-at="2020-08-26T02:08:35 CDT" finished-at="2020-08-26T02:08:37 CDT">
          <reporter-output>
          </reporter-output>
        </test-method> <!-- login -->
        <test-method status="PASS" signature="Privacy_Footer_is_Active()[pri:0, instance:test.Test_Privacy_Footer@6156496]" name="Privacy_Footer_is_Active" duration-ms="713" started-at="2020-08-26T02:08:37 CDT" finished-at="2020-08-26T02:08:38 CDT">
          <reporter-output>
          </reporter-output>
        </test-method> <!-- Privacy_Footer_is_Active -->
        <test-method status="PASS" signature="logout()[pri:0, instance:test.Test_Privacy_Footer@6156496]" name="logout" is-config="true" duration-ms="818" started-at="2020-08-26T02:08:38 CDT" finished-at="2020-08-26T02:08:39 CDT">
          <reporter-output>
          </reporter-output>
        </test-method> <!-- logout -->
      </class> <!-- test.Test_Privacy_Footer -->
      <class name="test.Test_Event_Calender">
        <test-method status="PASS" signature="login()[pri:0, instance:test.Test_Event_Calender@5c1a8622]" name="login" is-config="true" duration-ms="2139" started-at="2020-08-26T02:08:27 CDT" finished-at="2020-08-26T02:08:29 CDT">
          <reporter-output>
          </reporter-output>
        </test-method> <!-- login -->
        <test-method status="PASS" signature="Event_Calender_is_Active()[pri:0, instance:test.Test_Event_Calender@5c1a8622]" name="Event_Calender_is_Active" duration-ms="877" started-at="2020-08-26T02:08:29 CDT" finished-at="2020-08-26T02:08:30 CDT">
          <reporter-output>
          </reporter-output>
        </test-method> <!-- Event_Calender_is_Active -->
        <test-method status="PASS" signature="logout()[pri:0, instance:test.Test_Event_Calender@5c1a8622]" name="logout" is-config="true" duration-ms="809" started-at="2020-08-26T02:08:30 CDT" finished-at="2020-08-26T02:08:31 CDT">
          <reporter-output>
          </reporter-output>
        </test-method> <!-- logout -->
      </class> <!-- test.Test_Event_Calender -->
      <class name="test.Test_Pagination">
        <test-method status="PASS" signature="login()[pri:0, instance:test.Test_Pagination@3e3047e6]" name="login" is-config="true" duration-ms="2380" started-at="2020-08-26T02:08:51 CDT" finished-at="2020-08-26T02:08:54 CDT">
          <reporter-output>
          </reporter-output>
        </test-method> <!-- login -->
        <test-method status="PASS" signature="Search_Furniture()[pri:0, instance:test.Test_Pagination@3e3047e6]" name="Search_Furniture" is-config="true" duration-ms="524" started-at="2020-08-26T02:08:54 CDT" finished-at="2020-08-26T02:08:54 CDT">
          <reporter-output>
          </reporter-output>
        </test-method> <!-- Search_Furniture -->
        <test-method status="PASS" signature="Pagination_is_Active()[pri:0, instance:test.Test_Pagination@3e3047e6]" name="Pagination_is_Active" duration-ms="142" started-at="2020-08-26T02:08:54 CDT" finished-at="2020-08-26T02:08:54 CDT">
          <reporter-output>
          </reporter-output>
        </test-method> <!-- Pagination_is_Active -->
        <test-method status="PASS" signature="logout()[pri:0, instance:test.Test_Pagination@3e3047e6]" name="logout" is-config="true" duration-ms="840" started-at="2020-08-26T02:08:54 CDT" finished-at="2020-08-26T02:08:55 CDT">
          <reporter-output>
          </reporter-output>
        </test-method> <!-- logout -->
      </class> <!-- test.Test_Pagination -->
      <class name="test.Test_Search_Item_Page">
        <test-method status="PASS" signature="login()[pri:0, instance:test.Test_Search_Item_Page@3a079870]" name="login" is-config="true" duration-ms="1913" started-at="2020-08-26T02:08:15 CDT" finished-at="2020-08-26T02:08:17 CDT">
          <reporter-output>
          </reporter-output>
        </test-method> <!-- login -->
        <test-method status="PASS" signature="Search_Furniture()[pri:0, instance:test.Test_Search_Item_Page@3a079870]" name="Search_Furniture" is-config="true" duration-ms="519" started-at="2020-08-26T02:08:17 CDT" finished-at="2020-08-26T02:08:18 CDT">
          <reporter-output>
          </reporter-output>
        </test-method> <!-- Search_Furniture -->
        <test-method status="PASS" signature="Searched_Item_Elements_is_Active()[pri:0, instance:test.Test_Search_Item_Page@3a079870]" name="Searched_Item_Elements_is_Active" duration-ms="685" started-at="2020-08-26T02:08:18 CDT" finished-at="2020-08-26T02:08:19 CDT">
          <reporter-output>
          </reporter-output>
        </test-method> <!-- Searched_Item_Elements_is_Active -->
        <test-method status="PASS" signature="logout()[pri:0, instance:test.Test_Search_Item_Page@3a079870]" name="logout" is-config="true" duration-ms="890" started-at="2020-08-26T02:08:19 CDT" finished-at="2020-08-26T02:08:20 CDT">
          <reporter-output>
          </reporter-output>
        </test-method> <!-- logout -->
      </class> <!-- test.Test_Search_Item_Page -->
      <class name="test.Test_Help_Footer">
        <test-method status="PASS" signature="login()[pri:0, instance:test.Test_Help_Footer@3c153a1]" name="login" is-config="true" duration-ms="1971" started-at="2020-08-26T02:08:39 CDT" finished-at="2020-08-26T02:08:41 CDT">
          <reporter-output>
          </reporter-output>
        </test-method> <!-- login -->
        <test-method status="PASS" signature="Help_Footer_is_Active()[pri:0, instance:test.Test_Help_Footer@3c153a1]" name="Help_Footer_is_Active" duration-ms="1233" started-at="2020-08-26T02:08:41 CDT" finished-at="2020-08-26T02:08:42 CDT">
          <reporter-output>
          </reporter-output>
        </test-method> <!-- Help_Footer_is_Active -->
        <test-method status="PASS" signature="logout()[pri:0, instance:test.Test_Help_Footer@3c153a1]" name="logout" is-config="true" duration-ms="830" started-at="2020-08-26T02:08:42 CDT" finished-at="2020-08-26T02:08:43 CDT">
          <reporter-output>
          </reporter-output>
        </test-method> <!-- logout -->
      </class> <!-- test.Test_Help_Footer -->
      <class name="test.Test_Safety_Footer">
        <test-method status="PASS" signature="login()[pri:0, instance:test.Test_Safety_Footer@436a4e4b]" name="login" is-config="true" duration-ms="1782" started-at="2020-08-26T02:08:07 CDT" finished-at="2020-08-26T02:08:09 CDT">
          <reporter-output>
          </reporter-output>
        </test-method> <!-- login -->
        <test-method status="PASS" signature="Safety_Footer_is_Active()[pri:0, instance:test.Test_Safety_Footer@436a4e4b]" name="Safety_Footer_is_Active" duration-ms="851" started-at="2020-08-26T02:08:09 CDT" finished-at="2020-08-26T02:08:10 CDT">
          <reporter-output>
          </reporter-output>
        </test-method> <!-- Safety_Footer_is_Active -->
        <test-method status="PASS" signature="logout()[pri:0, instance:test.Test_Safety_Footer@436a4e4b]" name="logout" is-config="true" duration-ms="848" started-at="2020-08-26T02:08:10 CDT" finished-at="2020-08-26T02:08:11 CDT">
          <reporter-output>
          </reporter-output>
        </test-method> <!-- logout -->
      </class> <!-- test.Test_Safety_Footer -->
      <class name="test.Test_Language_Change">
        <test-method status="PASS" signature="login()[pri:0, instance:test.Test_Language_Change@5ad851c9]" name="login" is-config="true" duration-ms="2202" started-at="2020-08-26T02:08:31 CDT" finished-at="2020-08-26T02:08:33 CDT">
          <reporter-output>
          </reporter-output>
        </test-method> <!-- login -->
        <test-method status="PASS" signature="Language_is_Active()[pri:0, instance:test.Test_Language_Change@5ad851c9]" name="Language_is_Active" duration-ms="464" started-at="2020-08-26T02:08:33 CDT" finished-at="2020-08-26T02:08:33 CDT">
          <reporter-output>
          </reporter-output>
        </test-method> <!-- Language_is_Active -->
        <test-method status="PASS" signature="logout()[pri:0, instance:test.Test_Language_Change@5ad851c9]" name="logout" is-config="true" duration-ms="866" started-at="2020-08-26T02:08:34 CDT" finished-at="2020-08-26T02:08:35 CDT">
          <reporter-output>
          </reporter-output>
        </test-method> <!-- logout -->
      </class> <!-- test.Test_Language_Change -->
      <class name="test.Test_About_Footer">
        <test-method status="PASS" signature="login()[pri:0, instance:test.Test_About_Footer@13acb0d1]" name="login" is-config="true" duration-ms="2268" started-at="2020-08-26T02:08:47 CDT" finished-at="2020-08-26T02:08:49 CDT">
          <reporter-output>
          </reporter-output>
        </test-method> <!-- login -->
        <test-method status="PASS" signature="About_Footer_is_Active()[pri:0, instance:test.Test_About_Footer@13acb0d1]" name="About_Footer_is_Active" duration-ms="725" started-at="2020-08-26T02:08:49 CDT" finished-at="2020-08-26T02:08:50 CDT">
          <reporter-output>
          </reporter-output>
        </test-method> <!-- About_Footer_is_Active -->
        <test-method status="PASS" signature="logout()[pri:0, instance:test.Test_About_Footer@13acb0d1]" name="logout" is-config="true" duration-ms="775" started-at="2020-08-26T02:08:50 CDT" finished-at="2020-08-26T02:08:51 CDT">
          <reporter-output>
          </reporter-output>
        </test-method> <!-- logout -->
      </class> <!-- test.Test_About_Footer -->
      <class name="test.Test_Feedback_Footer">
        <test-method status="PASS" signature="login()[pri:0, instance:test.Test_Feedback_Footer@b62fe6d]" name="login" is-config="true" duration-ms="1992" started-at="2020-08-26T02:08:43 CDT" finished-at="2020-08-26T02:08:45 CDT">
          <reporter-output>
          </reporter-output>
        </test-method> <!-- login -->
        <test-method status="PASS" signature="Feedback_Footer_is_Active()[pri:0, instance:test.Test_Feedback_Footer@b62fe6d]" name="Feedback_Footer_is_Active" duration-ms="889" started-at="2020-08-26T02:08:45 CDT" finished-at="2020-08-26T02:08:46 CDT">
          <reporter-output>
          </reporter-output>
        </test-method> <!-- Feedback_Footer_is_Active -->
        <test-method status="PASS" signature="logout()[pri:0, instance:test.Test_Feedback_Footer@b62fe6d]" name="logout" is-config="true" duration-ms="876" started-at="2020-08-26T02:08:46 CDT" finished-at="2020-08-26T02:08:47 CDT">
          <reporter-output>
          </reporter-output>
        </test-method> <!-- logout -->
      </class> <!-- test.Test_Feedback_Footer -->
      <class name="test.Test_Create_Posting">
        <test-method status="PASS" signature="login()[pri:0, instance:test.Test_Create_Posting@f2f2cc1]" name="login" is-config="true" duration-ms="2046" started-at="2020-08-26T02:08:11 CDT" finished-at="2020-08-26T02:08:13 CDT">
          <reporter-output>
          </reporter-output>
        </test-method> <!-- login -->
        <test-method status="PASS" signature="Create_a_Posting_is_Active()[pri:0, instance:test.Test_Create_Posting@f2f2cc1]" name="Create_a_Posting_is_Active" duration-ms="1124" started-at="2020-08-26T02:08:13 CDT" finished-at="2020-08-26T02:08:14 CDT">
          <reporter-output>
          </reporter-output>
        </test-method> <!-- Create_a_Posting_is_Active -->
        <test-method status="PASS" signature="logout()[pri:0, instance:test.Test_Create_Posting@f2f2cc1]" name="logout" is-config="true" duration-ms="795" started-at="2020-08-26T02:08:15 CDT" finished-at="2020-08-26T02:08:15 CDT">
          <reporter-output>
          </reporter-output>
        </test-method> <!-- logout -->
      </class> <!-- test.Test_Create_Posting -->
      <class name="test.Test_Gallery_Menu">
        <test-method status="PASS" signature="login()[pri:0, instance:test.Test_Gallery_Menu@3b2cf7ab]" name="login" is-config="true" duration-ms="2036" started-at="2020-08-26T02:08:20 CDT" finished-at="2020-08-26T02:08:22 CDT">
          <reporter-output>
          </reporter-output>
        </test-method> <!-- login -->
        <test-method status="PASS" signature="Search_Furniture()[pri:0, instance:test.Test_Gallery_Menu@3b2cf7ab]" name="Search_Furniture" is-config="true" duration-ms="545" started-at="2020-08-26T02:08:22 CDT" finished-at="2020-08-26T02:08:22 CDT">
          <reporter-output>
          </reporter-output>
        </test-method> <!-- Search_Furniture -->
        <test-method status="PASS" signature="Gallery_Menu_is_Active()[pri:0, instance:test.Test_Gallery_Menu@3b2cf7ab]" name="Gallery_Menu_is_Active" duration-ms="83" started-at="2020-08-26T02:08:22 CDT" finished-at="2020-08-26T02:08:22 CDT">
          <reporter-output>
          </reporter-output>
        </test-method> <!-- Gallery_Menu_is_Active -->
        <test-method status="PASS" signature="logout()[pri:0, instance:test.Test_Gallery_Menu@3b2cf7ab]" name="logout" is-config="true" duration-ms="853" started-at="2020-08-26T02:08:23 CDT" finished-at="2020-08-26T02:08:24 CDT">
          <reporter-output>
          </reporter-output>
        </test-method> <!-- logout -->
      </class> <!-- test.Test_Gallery_Menu -->
      <class name="test.Test_Newest_Menu">
        <test-method status="PASS" signature="setup()[pri:0, instance:test.Test_Newest_Menu@657c8ad9]" name="setup" is-config="true" duration-ms="3692" started-at="2020-08-26T02:07:54 CDT" finished-at="2020-08-26T02:07:58 CDT">
          <reporter-output>
          </reporter-output>
        </test-method> <!-- setup -->
        <test-method status="PASS" signature="login()[pri:0, instance:test.Test_Newest_Menu@657c8ad9]" name="login" is-config="true" duration-ms="6372" started-at="2020-08-26T02:07:58 CDT" finished-at="2020-08-26T02:08:04 CDT">
          <reporter-output>
          </reporter-output>
        </test-method> <!-- login -->
        <test-method status="PASS" signature="Search_Furniture()[pri:0, instance:test.Test_Newest_Menu@657c8ad9]" name="Search_Furniture" is-config="true" duration-ms="2049" started-at="2020-08-26T02:08:04 CDT" finished-at="2020-08-26T02:08:06 CDT">
          <reporter-output>
          </reporter-output>
        </test-method> <!-- Search_Furniture -->
        <test-method status="PASS" signature="Newest_Menu_is_Active()[pri:0, instance:test.Test_Newest_Menu@657c8ad9]" name="Newest_Menu_is_Active" duration-ms="98" started-at="2020-08-26T02:08:06 CDT" finished-at="2020-08-26T02:08:06 CDT">
          <reporter-output>
          </reporter-output>
        </test-method> <!-- Newest_Menu_is_Active -->
        <test-method status="PASS" signature="logout()[pri:0, instance:test.Test_Newest_Menu@657c8ad9]" name="logout" is-config="true" duration-ms="862" started-at="2020-08-26T02:08:07 CDT" finished-at="2020-08-26T02:08:07 CDT">
          <reporter-output>
          </reporter-output>
        </test-method> <!-- logout -->
        <test-method status="PASS" signature="tearDown()[pri:0, instance:test.Test_Newest_Menu@657c8ad9]" name="tearDown" is-config="true" duration-ms="73" started-at="2020-08-26T02:08:55 CDT" finished-at="2020-08-26T02:08:55 CDT">
          <reporter-output>
          </reporter-output>
        </test-method> <!-- tearDown -->
      </class> <!-- test.Test_Newest_Menu -->
      <class name="test.Test_Search_Box">
        <test-method status="PASS" signature="login()[pri:0, instance:test.Test_Search_Box@2aa5fe93]" name="login" is-config="true" duration-ms="2068" started-at="2020-08-26T02:08:24 CDT" finished-at="2020-08-26T02:08:26 CDT">
          <reporter-output>
          </reporter-output>
        </test-method> <!-- login -->
        <test-method status="PASS" signature="Search_Box_is_Active()[pri:0, instance:test.Test_Search_Box@2aa5fe93]" name="Search_Box_is_Active" duration-ms="44" started-at="2020-08-26T02:08:26 CDT" finished-at="2020-08-26T02:08:26 CDT">
          <reporter-output>
          </reporter-output>
        </test-method> <!-- Search_Box_is_Active -->
        <test-method status="PASS" signature="logout()[pri:0, instance:test.Test_Search_Box@2aa5fe93]" name="logout" is-config="true" duration-ms="786" started-at="2020-08-26T02:08:26 CDT" finished-at="2020-08-26T02:08:27 CDT">
          <reporter-output>
          </reporter-output>
        </test-method> <!-- logout -->
      </class> <!-- test.Test_Search_Box -->
    </test> <!-- Test -->
  </suite> <!-- Suite -->
</testng-results>
