<?xml version="1.0" encoding="UTF-8"?>
<testng-results skipped="0" failed="0" ignored="24" total="37" passed="13">
  <reporter-output>
    <line>
      <![CDATA[Click to see Screenshot]]>
    </line>
    <line>
      <![CDATA[<a target="_blank" href=Wed_Aug_26_02_40_45_CDT_2020.jpg>Screenshot</a>]]>
    </line>
    <line>
      <![CDATA[<br>]]>
    </line>
    <line>
      <![CDATA[<br>]]>
    </line>
    <line>
      <![CDATA[<a target="_blank" href=Wed_Aug_26_02_40_45_CDT_2020.jpg><img src=Wed_Aug_26_02_40_45_CDT_2020.jpg height=200 width=200></img></a>]]>
    </line>
    <line>
      <![CDATA[Click to see Screenshot]]>
    </line>
    <line>
      <![CDATA[<a target="_blank" href=Wed_Aug_26_02_40_49_CDT_2020.jpg>Screenshot</a>]]>
    </line>
    <line>
      <![CDATA[<br>]]>
    </line>
    <line>
      <![CDATA[<br>]]>
    </line>
    <line>
      <![CDATA[<a target="_blank" href=Wed_Aug_26_02_40_49_CDT_2020.jpg><img src=Wed_Aug_26_02_40_49_CDT_2020.jpg height=200 width=200></img></a>]]>
    </line>
    <line>
      <![CDATA[Click to see Screenshot]]>
    </line>
    <line>
      <![CDATA[<a target="_blank" href=Wed_Aug_26_02_40_53_CDT_2020.jpg>Screenshot</a>]]>
    </line>
    <line>
      <![CDATA[<br>]]>
    </line>
    <line>
      <![CDATA[<br>]]>
    </line>
    <line>
      <![CDATA[<a target="_blank" href=Wed_Aug_26_02_40_53_CDT_2020.jpg><img src=Wed_Aug_26_02_40_53_CDT_2020.jpg height=200 width=200></img></a>]]>
    </line>
    <line>
      <![CDATA[Click to see Screenshot]]>
    </line>
    <line>
      <![CDATA[<a target="_blank" href=Wed_Aug_26_02_40_57_CDT_2020.jpg>Screenshot</a>]]>
    </line>
    <line>
      <![CDATA[<br>]]>
    </line>
    <line>
      <![CDATA[<br>]]>
    </line>
    <line>
      <![CDATA[<a target="_blank" href=Wed_Aug_26_02_40_57_CDT_2020.jpg><img src=Wed_Aug_26_02_40_57_CDT_2020.jpg height=200 width=200></img></a>]]>
    </line>
    <line>
      <![CDATA[Click to see Screenshot]]>
    </line>
    <line>
      <![CDATA[<a target="_blank" href=Wed_Aug_26_02_41_01_CDT_2020.jpg>Screenshot</a>]]>
    </line>
    <line>
      <![CDATA[<br>]]>
    </line>
    <line>
      <![CDATA[<br>]]>
    </line>
    <line>
      <![CDATA[<a target="_blank" href=Wed_Aug_26_02_41_01_CDT_2020.jpg><img src=Wed_Aug_26_02_41_01_CDT_2020.jpg height=200 width=200></img></a>]]>
    </line>
    <line>
      <![CDATA[Click to see Screenshot]]>
    </line>
    <line>
      <![CDATA[<a target="_blank" href=Wed_Aug_26_02_41_04_CDT_2020.jpg>Screenshot</a>]]>
    </line>
    <line>
      <![CDATA[<br>]]>
    </line>
    <line>
      <![CDATA[<br>]]>
    </line>
    <line>
      <![CDATA[<a target="_blank" href=Wed_Aug_26_02_41_04_CDT_2020.jpg><img src=Wed_Aug_26_02_41_04_CDT_2020.jpg height=200 width=200></img></a>]]>
    </line>
    <line>
      <![CDATA[Click to see Screenshot]]>
    </line>
    <line>
      <![CDATA[<a target="_blank" href=Wed_Aug_26_02_41_08_CDT_2020.jpg>Screenshot</a>]]>
    </line>
    <line>
      <![CDATA[<br>]]>
    </line>
    <line>
      <![CDATA[<br>]]>
    </line>
    <line>
      <![CDATA[<a target="_blank" href=Wed_Aug_26_02_41_08_CDT_2020.jpg><img src=Wed_Aug_26_02_41_08_CDT_2020.jpg height=200 width=200></img></a>]]>
    </line>
    <line>
      <![CDATA[Click to see Screenshot]]>
    </line>
    <line>
      <![CDATA[<a target="_blank" href=Wed_Aug_26_02_41_12_CDT_2020.jpg>Screenshot</a>]]>
    </line>
    <line>
      <![CDATA[<br>]]>
    </line>
    <line>
      <![CDATA[<br>]]>
    </line>
    <line>
      <![CDATA[<a target="_blank" href=Wed_Aug_26_02_41_12_CDT_2020.jpg><img src=Wed_Aug_26_02_41_12_CDT_2020.jpg height=200 width=200></img></a>]]>
    </line>
    <line>
      <![CDATA[Click to see Screenshot]]>
    </line>
    <line>
      <![CDATA[<a target="_blank" href=Wed_Aug_26_02_41_16_CDT_2020.jpg>Screenshot</a>]]>
    </line>
    <line>
      <![CDATA[<br>]]>
    </line>
    <line>
      <![CDATA[<br>]]>
    </line>
    <line>
      <![CDATA[<a target="_blank" href=Wed_Aug_26_02_41_16_CDT_2020.jpg><img src=Wed_Aug_26_02_41_16_CDT_2020.jpg height=200 width=200></img></a>]]>
    </line>
    <line>
      <![CDATA[Click to see Screenshot]]>
    </line>
    <line>
      <![CDATA[<a target="_blank" href=Wed_Aug_26_02_41_20_CDT_2020.jpg>Screenshot</a>]]>
    </line>
    <line>
      <![CDATA[<br>]]>
    </line>
    <line>
      <![CDATA[<br>]]>
    </line>
    <line>
      <![CDATA[<a target="_blank" href=Wed_Aug_26_02_41_20_CDT_2020.jpg><img src=Wed_Aug_26_02_41_20_CDT_2020.jpg height=200 width=200></img></a>]]>
    </line>
    <line>
      <![CDATA[Click to see Screenshot]]>
    </line>
    <line>
      <![CDATA[<a target="_blank" href=Wed_Aug_26_02_41_24_CDT_2020.jpg>Screenshot</a>]]>
    </line>
    <line>
      <![CDATA[<br>]]>
    </line>
    <line>
      <![CDATA[<br>]]>
    </line>
    <line>
      <![CDATA[<a target="_blank" href=Wed_Aug_26_02_41_24_CDT_2020.jpg><img src=Wed_Aug_26_02_41_24_CDT_2020.jpg height=200 width=200></img></a>]]>
    </line>
    <line>
      <![CDATA[Click to see Screenshot]]>
    </line>
    <line>
      <![CDATA[<a target="_blank" href=Wed_Aug_26_02_41_28_CDT_2020.jpg>Screenshot</a>]]>
    </line>
    <line>
      <![CDATA[<br>]]>
    </line>
    <line>
      <![CDATA[<br>]]>
    </line>
    <line>
      <![CDATA[<a target="_blank" href=Wed_Aug_26_02_41_28_CDT_2020.jpg><img src=Wed_Aug_26_02_41_28_CDT_2020.jpg height=200 width=200></img></a>]]>
    </line>
    <line>
      <![CDATA[Click to see Screenshot]]>
    </line>
    <line>
      <![CDATA[<a target="_blank" href=Wed_Aug_26_02_41_32_CDT_2020.jpg>Screenshot</a>]]>
    </line>
    <line>
      <![CDATA[<br>]]>
    </line>
    <line>
      <![CDATA[<br>]]>
    </line>
    <line>
      <![CDATA[<a target="_blank" href=Wed_Aug_26_02_41_32_CDT_2020.jpg><img src=Wed_Aug_26_02_41_32_CDT_2020.jpg height=200 width=200></img></a>]]>
    </line>
  </reporter-output>
  <suite name="Suite" duration-ms="57130" started-at="2020-08-26T02:40:36 CDT" finished-at="2020-08-26T02:41:33 CDT">
    <groups>
    </groups>
    <test name="Test" duration-ms="57130" started-at="2020-08-26T02:40:36 CDT" finished-at="2020-08-26T02:41:33 CDT">
      <class name="test.Test_Privacy_Footer">
        <test-method status="PASS" signature="login()[pri:0, instance:test.Test_Privacy_Footer@1ee807c6]" name="login" is-config="true" duration-ms="2124" started-at="2020-08-26T02:41:13 CDT" finished-at="2020-08-26T02:41:15 CDT">
          <reporter-output>
          </reporter-output>
        </test-method> <!-- login -->
        <test-method status="PASS" signature="Privacy_Footer_is_Active()[pri:0, instance:test.Test_Privacy_Footer@1ee807c6]" name="Privacy_Footer_is_Active" duration-ms="732" started-at="2020-08-26T02:41:15 CDT" finished-at="2020-08-26T02:41:15 CDT">
          <reporter-output>
            <line>
              <![CDATA[Click to see Screenshot]]>
            </line>
            <line>
              <![CDATA[<a target="_blank" href=Wed_Aug_26_02_41_16_CDT_2020.jpg>Screenshot</a>]]>
            </line>
            <line>
              <![CDATA[<br>]]>
            </line>
            <line>
              <![CDATA[<br>]]>
            </line>
            <line>
              <![CDATA[<a target="_blank" href=Wed_Aug_26_02_41_16_CDT_2020.jpg><img src=Wed_Aug_26_02_41_16_CDT_2020.jpg height=200 width=200></img></a>]]>
            </line>
          </reporter-output>
        </test-method> <!-- Privacy_Footer_is_Active -->
        <test-method status="PASS" signature="logout()[pri:0, instance:test.Test_Privacy_Footer@1ee807c6]" name="logout" is-config="true" duration-ms="779" started-at="2020-08-26T02:41:16 CDT" finished-at="2020-08-26T02:41:17 CDT">
          <reporter-output>
          </reporter-output>
        </test-method> <!-- logout -->
      </class> <!-- test.Test_Privacy_Footer -->
      <class name="test.Test_Pagination">
        <test-method status="PASS" signature="login()[pri:0, instance:test.Test_Pagination@32cf48b7]" name="login" is-config="true" duration-ms="2267" started-at="2020-08-26T02:41:29 CDT" finished-at="2020-08-26T02:41:31 CDT">
          <reporter-output>
          </reporter-output>
        </test-method> <!-- login -->
        <test-method status="PASS" signature="Search_Furniture()[pri:0, instance:test.Test_Pagination@32cf48b7]" name="Search_Furniture" is-config="true" duration-ms="532" started-at="2020-08-26T02:41:31 CDT" finished-at="2020-08-26T02:41:32 CDT">
          <reporter-output>
          </reporter-output>
        </test-method> <!-- Search_Furniture -->
        <test-method status="PASS" signature="Pagination_is_Active()[pri:0, instance:test.Test_Pagination@32cf48b7]" name="Pagination_is_Active" duration-ms="139" started-at="2020-08-26T02:41:32 CDT" finished-at="2020-08-26T02:41:32 CDT">
          <reporter-output>
            <line>
              <![CDATA[Click to see Screenshot]]>
            </line>
            <line>
              <![CDATA[<a target="_blank" href=Wed_Aug_26_02_41_32_CDT_2020.jpg>Screenshot</a>]]>
            </line>
            <line>
              <![CDATA[<br>]]>
            </line>
            <line>
              <![CDATA[<br>]]>
            </line>
            <line>
              <![CDATA[<a target="_blank" href=Wed_Aug_26_02_41_32_CDT_2020.jpg><img src=Wed_Aug_26_02_41_32_CDT_2020.jpg height=200 width=200></img></a>]]>
            </line>
          </reporter-output>
        </test-method> <!-- Pagination_is_Active -->
        <test-method status="PASS" signature="logout()[pri:0, instance:test.Test_Pagination@32cf48b7]" name="logout" is-config="true" duration-ms="815" started-at="2020-08-26T02:41:32 CDT" finished-at="2020-08-26T02:41:33 CDT">
          <reporter-output>
          </reporter-output>
        </test-method> <!-- logout -->
      </class> <!-- test.Test_Pagination -->
      <class name="test.Test_Event_Calender">
        <test-method status="PASS" signature="login()[pri:0, instance:test.Test_Event_Calender@1442d7b5]" name="login" is-config="true" duration-ms="2075" started-at="2020-08-26T02:41:05 CDT" finished-at="2020-08-26T02:41:07 CDT">
          <reporter-output>
          </reporter-output>
        </test-method> <!-- login -->
        <test-method status="PASS" signature="Event_Calender_is_Active()[pri:0, instance:test.Test_Event_Calender@1442d7b5]" name="Event_Calender_is_Active" duration-ms="884" started-at="2020-08-26T02:41:07 CDT" finished-at="2020-08-26T02:41:08 CDT">
          <reporter-output>
            <line>
              <![CDATA[Click to see Screenshot]]>
            </line>
            <line>
              <![CDATA[<a target="_blank" href=Wed_Aug_26_02_41_08_CDT_2020.jpg>Screenshot</a>]]>
            </line>
            <line>
              <![CDATA[<br>]]>
            </line>
            <line>
              <![CDATA[<br>]]>
            </line>
            <line>
              <![CDATA[<a target="_blank" href=Wed_Aug_26_02_41_08_CDT_2020.jpg><img src=Wed_Aug_26_02_41_08_CDT_2020.jpg height=200 width=200></img></a>]]>
            </line>
          </reporter-output>
        </test-method> <!-- Event_Calender_is_Active -->
        <test-method status="PASS" signature="logout()[pri:0, instance:test.Test_Event_Calender@1442d7b5]" name="logout" is-config="true" duration-ms="799" started-at="2020-08-26T02:41:08 CDT" finished-at="2020-08-26T02:41:09 CDT">
          <reporter-output>
          </reporter-output>
        </test-method> <!-- logout -->
      </class> <!-- test.Test_Event_Calender -->
      <class name="test.Test_Search_Item_Page">
        <test-method status="PASS" signature="login()[pri:0, instance:test.Test_Search_Item_Page@6e2c9341]" name="login" is-config="true" duration-ms="1960" started-at="2020-08-26T02:40:54 CDT" finished-at="2020-08-26T02:40:56 CDT">
          <reporter-output>
          </reporter-output>
        </test-method> <!-- login -->
        <test-method status="PASS" signature="Search_Furniture()[pri:0, instance:test.Test_Search_Item_Page@6e2c9341]" name="Search_Furniture" is-config="true" duration-ms="546" started-at="2020-08-26T02:40:56 CDT" finished-at="2020-08-26T02:40:56 CDT">
          <reporter-output>
          </reporter-output>
        </test-method> <!-- Search_Furniture -->
        <test-method status="PASS" signature="Searched_Item_Elements_is_Active()[pri:0, instance:test.Test_Search_Item_Page@6e2c9341]" name="Searched_Item_Elements_is_Active" duration-ms="614" started-at="2020-08-26T02:40:56 CDT" finished-at="2020-08-26T02:40:57 CDT">
          <reporter-output>
            <line>
              <![CDATA[Click to see Screenshot]]>
            </line>
            <line>
              <![CDATA[<a target="_blank" href=Wed_Aug_26_02_40_57_CDT_2020.jpg>Screenshot</a>]]>
            </line>
            <line>
              <![CDATA[<br>]]>
            </line>
            <line>
              <![CDATA[<br>]]>
            </line>
            <line>
              <![CDATA[<a target="_blank" href=Wed_Aug_26_02_40_57_CDT_2020.jpg><img src=Wed_Aug_26_02_40_57_CDT_2020.jpg height=200 width=200></img></a>]]>
            </line>
          </reporter-output>
        </test-method> <!-- Searched_Item_Elements_is_Active -->
        <test-method status="PASS" signature="logout()[pri:0, instance:test.Test_Search_Item_Page@6e2c9341]" name="logout" is-config="true" duration-ms="812" started-at="2020-08-26T02:40:57 CDT" finished-at="2020-08-26T02:40:58 CDT">
          <reporter-output>
          </reporter-output>
        </test-method> <!-- logout -->
      </class> <!-- test.Test_Search_Item_Page -->
      <class name="test.Test_Help_Footer">
        <test-method status="PASS" signature="login()[pri:0, instance:test.Test_Help_Footer@76a4d6c]" name="login" is-config="true" duration-ms="1991" started-at="2020-08-26T02:41:17 CDT" finished-at="2020-08-26T02:41:19 CDT">
          <reporter-output>
          </reporter-output>
        </test-method> <!-- login -->
        <test-method status="PASS" signature="Help_Footer_is_Active()[pri:0, instance:test.Test_Help_Footer@76a4d6c]" name="Help_Footer_is_Active" duration-ms="1277" started-at="2020-08-26T02:41:19 CDT" finished-at="2020-08-26T02:41:20 CDT">
          <reporter-output>
            <line>
              <![CDATA[Click to see Screenshot]]>
            </line>
            <line>
              <![CDATA[<a target="_blank" href=Wed_Aug_26_02_41_20_CDT_2020.jpg>Screenshot</a>]]>
            </line>
            <line>
              <![CDATA[<br>]]>
            </line>
            <line>
              <![CDATA[<br>]]>
            </line>
            <line>
              <![CDATA[<a target="_blank" href=Wed_Aug_26_02_41_20_CDT_2020.jpg><img src=Wed_Aug_26_02_41_20_CDT_2020.jpg height=200 width=200></img></a>]]>
            </line>
          </reporter-output>
        </test-method> <!-- Help_Footer_is_Active -->
        <test-method status="PASS" signature="logout()[pri:0, instance:test.Test_Help_Footer@76a4d6c]" name="logout" is-config="true" duration-ms="830" started-at="2020-08-26T02:41:20 CDT" finished-at="2020-08-26T02:41:21 CDT">
          <reporter-output>
          </reporter-output>
        </test-method> <!-- logout -->
      </class> <!-- test.Test_Help_Footer -->
      <class name="test.Test_Safety_Footer">
        <test-method status="PASS" signature="login()[pri:0, instance:test.Test_Safety_Footer@7181ae3f]" name="login" is-config="true" duration-ms="1862" started-at="2020-08-26T02:40:46 CDT" finished-at="2020-08-26T02:40:48 CDT">
          <reporter-output>
          </reporter-output>
        </test-method> <!-- login -->
        <test-method status="PASS" signature="Safety_Footer_is_Active()[pri:0, instance:test.Test_Safety_Footer@7181ae3f]" name="Safety_Footer_is_Active" duration-ms="829" started-at="2020-08-26T02:40:48 CDT" finished-at="2020-08-26T02:40:48 CDT">
          <reporter-output>
            <line>
              <![CDATA[Click to see Screenshot]]>
            </line>
            <line>
              <![CDATA[<a target="_blank" href=Wed_Aug_26_02_40_49_CDT_2020.jpg>Screenshot</a>]]>
            </line>
            <line>
              <![CDATA[<br>]]>
            </line>
            <line>
              <![CDATA[<br>]]>
            </line>
            <line>
              <![CDATA[<a target="_blank" href=Wed_Aug_26_02_40_49_CDT_2020.jpg><img src=Wed_Aug_26_02_40_49_CDT_2020.jpg height=200 width=200></img></a>]]>
            </line>
          </reporter-output>
        </test-method> <!-- Safety_Footer_is_Active -->
        <test-method status="PASS" signature="logout()[pri:0, instance:test.Test_Safety_Footer@7181ae3f]" name="logout" is-config="true" duration-ms="874" started-at="2020-08-26T02:40:49 CDT" finished-at="2020-08-26T02:40:50 CDT">
          <reporter-output>
          </reporter-output>
        </test-method> <!-- logout -->
      </class> <!-- test.Test_Safety_Footer -->
      <class name="test.Test_Language_Change">
        <test-method status="PASS" signature="login()[pri:0, instance:test.Test_Language_Change@1efee8e7]" name="login" is-config="true" duration-ms="2065" started-at="2020-08-26T02:41:09 CDT" finished-at="2020-08-26T02:41:11 CDT">
          <reporter-output>
          </reporter-output>
        </test-method> <!-- login -->
        <test-method status="PASS" signature="Language_is_Active()[pri:0, instance:test.Test_Language_Change@1efee8e7]" name="Language_is_Active" duration-ms="424" started-at="2020-08-26T02:41:11 CDT" finished-at="2020-08-26T02:41:12 CDT">
          <reporter-output>
            <line>
              <![CDATA[Click to see Screenshot]]>
            </line>
            <line>
              <![CDATA[<a target="_blank" href=Wed_Aug_26_02_41_12_CDT_2020.jpg>Screenshot</a>]]>
            </line>
            <line>
              <![CDATA[<br>]]>
            </line>
            <line>
              <![CDATA[<br>]]>
            </line>
            <line>
              <![CDATA[<a target="_blank" href=Wed_Aug_26_02_41_12_CDT_2020.jpg><img src=Wed_Aug_26_02_41_12_CDT_2020.jpg height=200 width=200></img></a>]]>
            </line>
          </reporter-output>
        </test-method> <!-- Language_is_Active -->
        <test-method status="PASS" signature="logout()[pri:0, instance:test.Test_Language_Change@1efee8e7]" name="logout" is-config="true" duration-ms="801" started-at="2020-08-26T02:41:12 CDT" finished-at="2020-08-26T02:41:13 CDT">
          <reporter-output>
          </reporter-output>
        </test-method> <!-- logout -->
      </class> <!-- test.Test_Language_Change -->
      <class name="test.Test_Feedback_Footer">
        <test-method status="PASS" signature="login()[pri:0, instance:test.Test_Feedback_Footer@517cd4b]" name="login" is-config="true" duration-ms="2093" started-at="2020-08-26T02:41:21 CDT" finished-at="2020-08-26T02:41:23 CDT">
          <reporter-output>
          </reporter-output>
        </test-method> <!-- login -->
        <test-method status="PASS" signature="Feedback_Footer_is_Active()[pri:0, instance:test.Test_Feedback_Footer@517cd4b]" name="Feedback_Footer_is_Active" duration-ms="911" started-at="2020-08-26T02:41:23 CDT" finished-at="2020-08-26T02:41:24 CDT">
          <reporter-output>
            <line>
              <![CDATA[Click to see Screenshot]]>
            </line>
            <line>
              <![CDATA[<a target="_blank" href=Wed_Aug_26_02_41_24_CDT_2020.jpg>Screenshot</a>]]>
            </line>
            <line>
              <![CDATA[<br>]]>
            </line>
            <line>
              <![CDATA[<br>]]>
            </line>
            <line>
              <![CDATA[<a target="_blank" href=Wed_Aug_26_02_41_24_CDT_2020.jpg><img src=Wed_Aug_26_02_41_24_CDT_2020.jpg height=200 width=200></img></a>]]>
            </line>
          </reporter-output>
        </test-method> <!-- Feedback_Footer_is_Active -->
        <test-method status="PASS" signature="logout()[pri:0, instance:test.Test_Feedback_Footer@517cd4b]" name="logout" is-config="true" duration-ms="812" started-at="2020-08-26T02:41:24 CDT" finished-at="2020-08-26T02:41:25 CDT">
          <reporter-output>
          </reporter-output>
        </test-method> <!-- logout -->
      </class> <!-- test.Test_Feedback_Footer -->
      <class name="test.Test_About_Footer">
        <test-method status="PASS" signature="login()[pri:0, instance:test.Test_About_Footer@6cc7b4de]" name="login" is-config="true" duration-ms="2084" started-at="2020-08-26T02:41:25 CDT" finished-at="2020-08-26T02:41:27 CDT">
          <reporter-output>
          </reporter-output>
        </test-method> <!-- login -->
        <test-method status="PASS" signature="About_Footer_is_Active()[pri:0, instance:test.Test_About_Footer@6cc7b4de]" name="About_Footer_is_Active" duration-ms="729" started-at="2020-08-26T02:41:27 CDT" finished-at="2020-08-26T02:41:28 CDT">
          <reporter-output>
            <line>
              <![CDATA[Click to see Screenshot]]>
            </line>
            <line>
              <![CDATA[<a target="_blank" href=Wed_Aug_26_02_41_28_CDT_2020.jpg>Screenshot</a>]]>
            </line>
            <line>
              <![CDATA[<br>]]>
            </line>
            <line>
              <![CDATA[<br>]]>
            </line>
            <line>
              <![CDATA[<a target="_blank" href=Wed_Aug_26_02_41_28_CDT_2020.jpg><img src=Wed_Aug_26_02_41_28_CDT_2020.jpg height=200 width=200></img></a>]]>
            </line>
          </reporter-output>
        </test-method> <!-- About_Footer_is_Active -->
        <test-method status="PASS" signature="logout()[pri:0, instance:test.Test_About_Footer@6cc7b4de]" name="logout" is-config="true" duration-ms="1011" started-at="2020-08-26T02:41:28 CDT" finished-at="2020-08-26T02:41:29 CDT">
          <reporter-output>
          </reporter-output>
        </test-method> <!-- logout -->
      </class> <!-- test.Test_About_Footer -->
      <class name="test.Test_Create_Posting">
        <test-method status="PASS" signature="login()[pri:0, instance:test.Test_Create_Posting@46238e3f]" name="login" is-config="true" duration-ms="2137" started-at="2020-08-26T02:40:50 CDT" finished-at="2020-08-26T02:40:52 CDT">
          <reporter-output>
          </reporter-output>
        </test-method> <!-- login -->
        <test-method status="PASS" signature="Create_a_Posting_is_Active()[pri:0, instance:test.Test_Create_Posting@46238e3f]" name="Create_a_Posting_is_Active" duration-ms="1117" started-at="2020-08-26T02:40:52 CDT" finished-at="2020-08-26T02:40:53 CDT">
          <reporter-output>
            <line>
              <![CDATA[Click to see Screenshot]]>
            </line>
            <line>
              <![CDATA[<a target="_blank" href=Wed_Aug_26_02_40_53_CDT_2020.jpg>Screenshot</a>]]>
            </line>
            <line>
              <![CDATA[<br>]]>
            </line>
            <line>
              <![CDATA[<br>]]>
            </line>
            <line>
              <![CDATA[<a target="_blank" href=Wed_Aug_26_02_40_53_CDT_2020.jpg><img src=Wed_Aug_26_02_40_53_CDT_2020.jpg height=200 width=200></img></a>]]>
            </line>
          </reporter-output>
        </test-method> <!-- Create_a_Posting_is_Active -->
        <test-method status="PASS" signature="logout()[pri:0, instance:test.Test_Create_Posting@46238e3f]" name="logout" is-config="true" duration-ms="838" started-at="2020-08-26T02:40:53 CDT" finished-at="2020-08-26T02:40:54 CDT">
          <reporter-output>
          </reporter-output>
        </test-method> <!-- logout -->
      </class> <!-- test.Test_Create_Posting -->
      <class name="test.Test_Gallery_Menu">
        <test-method status="PASS" signature="login()[pri:0, instance:test.Test_Gallery_Menu@32464a14]" name="login" is-config="true" duration-ms="1804" started-at="2020-08-26T02:40:58 CDT" finished-at="2020-08-26T02:41:00 CDT">
          <reporter-output>
          </reporter-output>
        </test-method> <!-- login -->
        <test-method status="PASS" signature="Search_Furniture()[pri:0, instance:test.Test_Gallery_Menu@32464a14]" name="Search_Furniture" is-config="true" duration-ms="525" started-at="2020-08-26T02:41:00 CDT" finished-at="2020-08-26T02:41:01 CDT">
          <reporter-output>
          </reporter-output>
        </test-method> <!-- Search_Furniture -->
        <test-method status="PASS" signature="Gallery_Menu_is_Active()[pri:0, instance:test.Test_Gallery_Menu@32464a14]" name="Gallery_Menu_is_Active" duration-ms="88" started-at="2020-08-26T02:41:01 CDT" finished-at="2020-08-26T02:41:01 CDT">
          <reporter-output>
            <line>
              <![CDATA[Click to see Screenshot]]>
            </line>
            <line>
              <![CDATA[<a target="_blank" href=Wed_Aug_26_02_41_01_CDT_2020.jpg>Screenshot</a>]]>
            </line>
            <line>
              <![CDATA[<br>]]>
            </line>
            <line>
              <![CDATA[<br>]]>
            </line>
            <line>
              <![CDATA[<a target="_blank" href=Wed_Aug_26_02_41_01_CDT_2020.jpg><img src=Wed_Aug_26_02_41_01_CDT_2020.jpg height=200 width=200></img></a>]]>
            </line>
          </reporter-output>
        </test-method> <!-- Gallery_Menu_is_Active -->
        <test-method status="PASS" signature="logout()[pri:0, instance:test.Test_Gallery_Menu@32464a14]" name="logout" is-config="true" duration-ms="884" started-at="2020-08-26T02:41:01 CDT" finished-at="2020-08-26T02:41:02 CDT">
          <reporter-output>
          </reporter-output>
        </test-method> <!-- logout -->
      </class> <!-- test.Test_Gallery_Menu -->
      <class name="test.Test_Newest_Menu">
        <test-method status="PASS" signature="setup()[pri:0, instance:test.Test_Newest_Menu@77a57272]" name="setup" is-config="true" duration-ms="3650" started-at="2020-08-26T02:40:32 CDT" finished-at="2020-08-26T02:40:36 CDT">
          <reporter-output>
          </reporter-output>
        </test-method> <!-- setup -->
        <test-method status="PASS" signature="login()[pri:0, instance:test.Test_Newest_Menu@77a57272]" name="login" is-config="true" duration-ms="6248" started-at="2020-08-26T02:40:36 CDT" finished-at="2020-08-26T02:40:42 CDT">
          <reporter-output>
          </reporter-output>
        </test-method> <!-- login -->
        <test-method status="PASS" signature="Search_Furniture()[pri:0, instance:test.Test_Newest_Menu@77a57272]" name="Search_Furniture" is-config="true" duration-ms="1974" started-at="2020-08-26T02:40:42 CDT" finished-at="2020-08-26T02:40:44 CDT">
          <reporter-output>
          </reporter-output>
        </test-method> <!-- Search_Furniture -->
        <test-method status="PASS" signature="Newest_Menu_is_Active()[pri:0, instance:test.Test_Newest_Menu@77a57272]" name="Newest_Menu_is_Active" duration-ms="98" started-at="2020-08-26T02:40:44 CDT" finished-at="2020-08-26T02:40:44 CDT">
          <reporter-output>
            <line>
              <![CDATA[Click to see Screenshot]]>
            </line>
            <line>
              <![CDATA[<a target="_blank" href=Wed_Aug_26_02_40_45_CDT_2020.jpg>Screenshot</a>]]>
            </line>
            <line>
              <![CDATA[<br>]]>
            </line>
            <line>
              <![CDATA[<br>]]>
            </line>
            <line>
              <![CDATA[<a target="_blank" href=Wed_Aug_26_02_40_45_CDT_2020.jpg><img src=Wed_Aug_26_02_40_45_CDT_2020.jpg height=200 width=200></img></a>]]>
            </line>
          </reporter-output>
        </test-method> <!-- Newest_Menu_is_Active -->
        <test-method status="PASS" signature="logout()[pri:0, instance:test.Test_Newest_Menu@77a57272]" name="logout" is-config="true" duration-ms="890" started-at="2020-08-26T02:40:45 CDT" finished-at="2020-08-26T02:40:46 CDT">
          <reporter-output>
          </reporter-output>
        </test-method> <!-- logout -->
        <test-method status="PASS" signature="tearDown()[pri:0, instance:test.Test_Newest_Menu@77a57272]" name="tearDown" is-config="true" duration-ms="78" started-at="2020-08-26T02:41:33 CDT" finished-at="2020-08-26T02:41:33 CDT">
          <reporter-output>
          </reporter-output>
        </test-method> <!-- tearDown -->
      </class> <!-- test.Test_Newest_Menu -->
      <class name="test.Test_Search_Box">
        <test-method status="PASS" signature="login()[pri:0, instance:test.Test_Search_Box@4e4aea35]" name="login" is-config="true" duration-ms="2177" started-at="2020-08-26T02:41:02 CDT" finished-at="2020-08-26T02:41:04 CDT">
          <reporter-output>
          </reporter-output>
        </test-method> <!-- login -->
        <test-method status="PASS" signature="Search_Box_is_Active()[pri:0, instance:test.Test_Search_Box@4e4aea35]" name="Search_Box_is_Active" duration-ms="41" started-at="2020-08-26T02:41:04 CDT" finished-at="2020-08-26T02:41:04 CDT">
          <reporter-output>
            <line>
              <![CDATA[Click to see Screenshot]]>
            </line>
            <line>
              <![CDATA[<a target="_blank" href=Wed_Aug_26_02_41_04_CDT_2020.jpg>Screenshot</a>]]>
            </line>
            <line>
              <![CDATA[<br>]]>
            </line>
            <line>
              <![CDATA[<br>]]>
            </line>
            <line>
              <![CDATA[<a target="_blank" href=Wed_Aug_26_02_41_04_CDT_2020.jpg><img src=Wed_Aug_26_02_41_04_CDT_2020.jpg height=200 width=200></img></a>]]>
            </line>
          </reporter-output>
        </test-method> <!-- Search_Box_is_Active -->
        <test-method status="PASS" signature="logout()[pri:0, instance:test.Test_Search_Box@4e4aea35]" name="logout" is-config="true" duration-ms="804" started-at="2020-08-26T02:41:04 CDT" finished-at="2020-08-26T02:41:05 CDT">
          <reporter-output>
          </reporter-output>
        </test-method> <!-- logout -->
      </class> <!-- test.Test_Search_Box -->
    </test> <!-- Test -->
  </suite> <!-- Suite -->
</testng-results>
