<?xml version="1.0" encoding="UTF-8"?>
<testng-results skipped="0" failed="0" ignored="24" total="37" passed="13">
  <reporter-output>
  </reporter-output>
  <suite name="Suite" duration-ms="58176" started-at="2020-08-26T02:10:23 CDT" finished-at="2020-08-26T02:11:21 CDT">
    <groups>
    </groups>
    <test name="Test" duration-ms="58176" started-at="2020-08-26T02:10:23 CDT" finished-at="2020-08-26T02:11:21 CDT">
      <class name="test.Test_Privacy_Footer">
        <test-method status="PASS" signature="login()[pri:0, instance:test.Test_Privacy_Footer@1ee807c6]" name="login" is-config="true" duration-ms="2182" started-at="2020-08-26T02:11:01 CDT" finished-at="2020-08-26T02:11:03 CDT">
          <reporter-output>
          </reporter-output>
        </test-method> <!-- login -->
        <test-method status="PASS" signature="Privacy_Footer_is_Active()[pri:0, instance:test.Test_Privacy_Footer@1ee807c6]" name="Privacy_Footer_is_Active" duration-ms="744" started-at="2020-08-26T02:11:03 CDT" finished-at="2020-08-26T02:11:04 CDT">
          <reporter-output>
          </reporter-output>
        </test-method> <!-- Privacy_Footer_is_Active -->
        <test-method status="PASS" signature="logout()[pri:0, instance:test.Test_Privacy_Footer@1ee807c6]" name="logout" is-config="true" duration-ms="847" started-at="2020-08-26T02:11:04 CDT" finished-at="2020-08-26T02:11:05 CDT">
          <reporter-output>
          </reporter-output>
        </test-method> <!-- logout -->
      </class> <!-- test.Test_Privacy_Footer -->
      <class name="test.Test_Event_Calender">
        <test-method status="PASS" signature="login()[pri:0, instance:test.Test_Event_Calender@1442d7b5]" name="login" is-config="true" duration-ms="2253" started-at="2020-08-26T02:10:53 CDT" finished-at="2020-08-26T02:10:55 CDT">
          <reporter-output>
          </reporter-output>
        </test-method> <!-- login -->
        <test-method status="PASS" signature="Event_Calender_is_Active()[pri:0, instance:test.Test_Event_Calender@1442d7b5]" name="Event_Calender_is_Active" duration-ms="921" started-at="2020-08-26T02:10:55 CDT" finished-at="2020-08-26T02:10:56 CDT">
          <reporter-output>
          </reporter-output>
        </test-method> <!-- Event_Calender_is_Active -->
        <test-method status="PASS" signature="logout()[pri:0, instance:test.Test_Event_Calender@1442d7b5]" name="logout" is-config="true" duration-ms="789" started-at="2020-08-26T02:10:56 CDT" finished-at="2020-08-26T02:10:57 CDT">
          <reporter-output>
          </reporter-output>
        </test-method> <!-- logout -->
      </class> <!-- test.Test_Event_Calender -->
      <class name="test.Test_Pagination">
        <test-method status="PASS" signature="login()[pri:0, instance:test.Test_Pagination@32cf48b7]" name="login" is-config="true" duration-ms="2119" started-at="2020-08-26T02:11:17 CDT" finished-at="2020-08-26T02:11:19 CDT">
          <reporter-output>
          </reporter-output>
        </test-method> <!-- login -->
        <test-method status="PASS" signature="Search_Furniture()[pri:0, instance:test.Test_Pagination@32cf48b7]" name="Search_Furniture" is-config="true" duration-ms="534" started-at="2020-08-26T02:11:19 CDT" finished-at="2020-08-26T02:11:20 CDT">
          <reporter-output>
          </reporter-output>
        </test-method> <!-- Search_Furniture -->
        <test-method status="PASS" signature="Pagination_is_Active()[pri:0, instance:test.Test_Pagination@32cf48b7]" name="Pagination_is_Active" duration-ms="146" started-at="2020-08-26T02:11:20 CDT" finished-at="2020-08-26T02:11:20 CDT">
          <reporter-output>
          </reporter-output>
        </test-method> <!-- Pagination_is_Active -->
        <test-method status="PASS" signature="logout()[pri:0, instance:test.Test_Pagination@32cf48b7]" name="logout" is-config="true" duration-ms="821" started-at="2020-08-26T02:11:20 CDT" finished-at="2020-08-26T02:11:21 CDT">
          <reporter-output>
          </reporter-output>
        </test-method> <!-- logout -->
      </class> <!-- test.Test_Pagination -->
      <class name="test.Test_Search_Item_Page">
        <test-method status="PASS" signature="login()[pri:0, instance:test.Test_Search_Item_Page@6e2c9341]" name="login" is-config="true" duration-ms="2016" started-at="2020-08-26T02:10:41 CDT" finished-at="2020-08-26T02:10:43 CDT">
          <reporter-output>
          </reporter-output>
        </test-method> <!-- login -->
        <test-method status="PASS" signature="Search_Furniture()[pri:0, instance:test.Test_Search_Item_Page@6e2c9341]" name="Search_Furniture" is-config="true" duration-ms="522" started-at="2020-08-26T02:10:43 CDT" finished-at="2020-08-26T02:10:44 CDT">
          <reporter-output>
          </reporter-output>
        </test-method> <!-- Search_Furniture -->
        <test-method status="PASS" signature="Searched_Item_Elements_is_Active()[pri:0, instance:test.Test_Search_Item_Page@6e2c9341]" name="Searched_Item_Elements_is_Active" duration-ms="712" started-at="2020-08-26T02:10:44 CDT" finished-at="2020-08-26T02:10:45 CDT">
          <reporter-output>
          </reporter-output>
        </test-method> <!-- Searched_Item_Elements_is_Active -->
        <test-method status="PASS" signature="logout()[pri:0, instance:test.Test_Search_Item_Page@6e2c9341]" name="logout" is-config="true" duration-ms="880" started-at="2020-08-26T02:10:45 CDT" finished-at="2020-08-26T02:10:46 CDT">
          <reporter-output>
          </reporter-output>
        </test-method> <!-- logout -->
      </class> <!-- test.Test_Search_Item_Page -->
      <class name="test.Test_Safety_Footer">
        <test-method status="PASS" signature="login()[pri:0, instance:test.Test_Safety_Footer@7181ae3f]" name="login" is-config="true" duration-ms="2355" started-at="2020-08-26T02:10:33 CDT" finished-at="2020-08-26T02:10:35 CDT">
          <reporter-output>
          </reporter-output>
        </test-method> <!-- login -->
        <test-method status="PASS" signature="Safety_Footer_is_Active()[pri:0, instance:test.Test_Safety_Footer@7181ae3f]" name="Safety_Footer_is_Active" duration-ms="799" started-at="2020-08-26T02:10:35 CDT" finished-at="2020-08-26T02:10:36 CDT">
          <reporter-output>
          </reporter-output>
        </test-method> <!-- Safety_Footer_is_Active -->
        <test-method status="PASS" signature="logout()[pri:0, instance:test.Test_Safety_Footer@7181ae3f]" name="logout" is-config="true" duration-ms="794" started-at="2020-08-26T02:10:36 CDT" finished-at="2020-08-26T02:10:37 CDT">
          <reporter-output>
          </reporter-output>
        </test-method> <!-- logout -->
      </class> <!-- test.Test_Safety_Footer -->
      <class name="test.Test_Help_Footer">
        <test-method status="PASS" signature="login()[pri:0, instance:test.Test_Help_Footer@76a4d6c]" name="login" is-config="true" duration-ms="2003" started-at="2020-08-26T02:11:05 CDT" finished-at="2020-08-26T02:11:07 CDT">
          <reporter-output>
          </reporter-output>
        </test-method> <!-- login -->
        <test-method status="PASS" signature="Help_Footer_is_Active()[pri:0, instance:test.Test_Help_Footer@76a4d6c]" name="Help_Footer_is_Active" duration-ms="1302" started-at="2020-08-26T02:11:07 CDT" finished-at="2020-08-26T02:11:08 CDT">
          <reporter-output>
          </reporter-output>
        </test-method> <!-- Help_Footer_is_Active -->
        <test-method status="PASS" signature="logout()[pri:0, instance:test.Test_Help_Footer@76a4d6c]" name="logout" is-config="true" duration-ms="794" started-at="2020-08-26T02:11:08 CDT" finished-at="2020-08-26T02:11:09 CDT">
          <reporter-output>
          </reporter-output>
        </test-method> <!-- logout -->
      </class> <!-- test.Test_Help_Footer -->
      <class name="test.Test_Language_Change">
        <test-method status="PASS" signature="login()[pri:0, instance:test.Test_Language_Change@1efee8e7]" name="login" is-config="true" duration-ms="2092" started-at="2020-08-26T02:10:57 CDT" finished-at="2020-08-26T02:10:59 CDT">
          <reporter-output>
          </reporter-output>
        </test-method> <!-- login -->
        <test-method status="PASS" signature="Language_is_Active()[pri:0, instance:test.Test_Language_Change@1efee8e7]" name="Language_is_Active" duration-ms="660" started-at="2020-08-26T02:10:59 CDT" finished-at="2020-08-26T02:11:00 CDT">
          <reporter-output>
          </reporter-output>
        </test-method> <!-- Language_is_Active -->
        <test-method status="PASS" signature="logout()[pri:0, instance:test.Test_Language_Change@1efee8e7]" name="logout" is-config="true" duration-ms="820" started-at="2020-08-26T02:11:00 CDT" finished-at="2020-08-26T02:11:01 CDT">
          <reporter-output>
          </reporter-output>
        </test-method> <!-- logout -->
      </class> <!-- test.Test_Language_Change -->
      <class name="test.Test_Feedback_Footer">
        <test-method status="PASS" signature="login()[pri:0, instance:test.Test_Feedback_Footer@517cd4b]" name="login" is-config="true" duration-ms="2021" started-at="2020-08-26T02:11:09 CDT" finished-at="2020-08-26T02:11:11 CDT">
          <reporter-output>
          </reporter-output>
        </test-method> <!-- login -->
        <test-method status="PASS" signature="Feedback_Footer_is_Active()[pri:0, instance:test.Test_Feedback_Footer@517cd4b]" name="Feedback_Footer_is_Active" duration-ms="903" started-at="2020-08-26T02:11:11 CDT" finished-at="2020-08-26T02:11:12 CDT">
          <reporter-output>
          </reporter-output>
        </test-method> <!-- Feedback_Footer_is_Active -->
        <test-method status="PASS" signature="logout()[pri:0, instance:test.Test_Feedback_Footer@517cd4b]" name="logout" is-config="true" duration-ms="793" started-at="2020-08-26T02:11:12 CDT" finished-at="2020-08-26T02:11:13 CDT">
          <reporter-output>
          </reporter-output>
        </test-method> <!-- logout -->
      </class> <!-- test.Test_Feedback_Footer -->
      <class name="test.Test_About_Footer">
        <test-method status="PASS" signature="login()[pri:0, instance:test.Test_About_Footer@6cc7b4de]" name="login" is-config="true" duration-ms="2323" started-at="2020-08-26T02:11:13 CDT" finished-at="2020-08-26T02:11:15 CDT">
          <reporter-output>
          </reporter-output>
        </test-method> <!-- login -->
        <test-method status="PASS" signature="About_Footer_is_Active()[pri:0, instance:test.Test_About_Footer@6cc7b4de]" name="About_Footer_is_Active" duration-ms="710" started-at="2020-08-26T02:11:15 CDT" finished-at="2020-08-26T02:11:16 CDT">
          <reporter-output>
          </reporter-output>
        </test-method> <!-- About_Footer_is_Active -->
        <test-method status="PASS" signature="logout()[pri:0, instance:test.Test_About_Footer@6cc7b4de]" name="logout" is-config="true" duration-ms="803" started-at="2020-08-26T02:11:16 CDT" finished-at="2020-08-26T02:11:17 CDT">
          <reporter-output>
          </reporter-output>
        </test-method> <!-- logout -->
      </class> <!-- test.Test_About_Footer -->
      <class name="test.Test_Create_Posting">
        <test-method status="PASS" signature="login()[pri:0, instance:test.Test_Create_Posting@46238e3f]" name="login" is-config="true" duration-ms="2041" started-at="2020-08-26T02:10:37 CDT" finished-at="2020-08-26T02:10:39 CDT">
          <reporter-output>
          </reporter-output>
        </test-method> <!-- login -->
        <test-method status="PASS" signature="Create_a_Posting_is_Active()[pri:0, instance:test.Test_Create_Posting@46238e3f]" name="Create_a_Posting_is_Active" duration-ms="1115" started-at="2020-08-26T02:10:39 CDT" finished-at="2020-08-26T02:10:40 CDT">
          <reporter-output>
          </reporter-output>
        </test-method> <!-- Create_a_Posting_is_Active -->
        <test-method status="PASS" signature="logout()[pri:0, instance:test.Test_Create_Posting@46238e3f]" name="logout" is-config="true" duration-ms="880" started-at="2020-08-26T02:10:40 CDT" finished-at="2020-08-26T02:10:41 CDT">
          <reporter-output>
          </reporter-output>
        </test-method> <!-- logout -->
      </class> <!-- test.Test_Create_Posting -->
      <class name="test.Test_Gallery_Menu">
        <test-method status="PASS" signature="login()[pri:0, instance:test.Test_Gallery_Menu@32464a14]" name="login" is-config="true" duration-ms="2068" started-at="2020-08-26T02:10:46 CDT" finished-at="2020-08-26T02:10:48 CDT">
          <reporter-output>
          </reporter-output>
        </test-method> <!-- login -->
        <test-method status="PASS" signature="Search_Furniture()[pri:0, instance:test.Test_Gallery_Menu@32464a14]" name="Search_Furniture" is-config="true" duration-ms="522" started-at="2020-08-26T02:10:48 CDT" finished-at="2020-08-26T02:10:48 CDT">
          <reporter-output>
          </reporter-output>
        </test-method> <!-- Search_Furniture -->
        <test-method status="PASS" signature="Gallery_Menu_is_Active()[pri:0, instance:test.Test_Gallery_Menu@32464a14]" name="Gallery_Menu_is_Active" duration-ms="81" started-at="2020-08-26T02:10:48 CDT" finished-at="2020-08-26T02:10:48 CDT">
          <reporter-output>
          </reporter-output>
        </test-method> <!-- Gallery_Menu_is_Active -->
        <test-method status="PASS" signature="logout()[pri:0, instance:test.Test_Gallery_Menu@32464a14]" name="logout" is-config="true" duration-ms="799" started-at="2020-08-26T02:10:49 CDT" finished-at="2020-08-26T02:10:49 CDT">
          <reporter-output>
          </reporter-output>
        </test-method> <!-- logout -->
      </class> <!-- test.Test_Gallery_Menu -->
      <class name="test.Test_Newest_Menu">
        <test-method status="PASS" signature="setup()[pri:0, instance:test.Test_Newest_Menu@77a57272]" name="setup" is-config="true" duration-ms="3678" started-at="2020-08-26T02:10:19 CDT" finished-at="2020-08-26T02:10:23 CDT">
          <reporter-output>
          </reporter-output>
        </test-method> <!-- setup -->
        <test-method status="PASS" signature="login()[pri:0, instance:test.Test_Newest_Menu@77a57272]" name="login" is-config="true" duration-ms="6477" started-at="2020-08-26T02:10:23 CDT" finished-at="2020-08-26T02:10:29 CDT">
          <reporter-output>
          </reporter-output>
        </test-method> <!-- login -->
        <test-method status="PASS" signature="Search_Furniture()[pri:0, instance:test.Test_Newest_Menu@77a57272]" name="Search_Furniture" is-config="true" duration-ms="1924" started-at="2020-08-26T02:10:29 CDT" finished-at="2020-08-26T02:10:31 CDT">
          <reporter-output>
          </reporter-output>
        </test-method> <!-- Search_Furniture -->
        <test-method status="PASS" signature="Newest_Menu_is_Active()[pri:0, instance:test.Test_Newest_Menu@77a57272]" name="Newest_Menu_is_Active" duration-ms="98" started-at="2020-08-26T02:10:31 CDT" finished-at="2020-08-26T02:10:31 CDT">
          <reporter-output>
          </reporter-output>
        </test-method> <!-- Newest_Menu_is_Active -->
        <test-method status="PASS" signature="logout()[pri:0, instance:test.Test_Newest_Menu@77a57272]" name="logout" is-config="true" duration-ms="884" started-at="2020-08-26T02:10:32 CDT" finished-at="2020-08-26T02:10:33 CDT">
          <reporter-output>
          </reporter-output>
        </test-method> <!-- logout -->
        <test-method status="PASS" signature="tearDown()[pri:0, instance:test.Test_Newest_Menu@77a57272]" name="tearDown" is-config="true" duration-ms="76" started-at="2020-08-26T02:11:21 CDT" finished-at="2020-08-26T02:11:21 CDT">
          <reporter-output>
          </reporter-output>
        </test-method> <!-- tearDown -->
      </class> <!-- test.Test_Newest_Menu -->
      <class name="test.Test_Search_Box">
        <test-method status="PASS" signature="login()[pri:0, instance:test.Test_Search_Box@4e4aea35]" name="login" is-config="true" duration-ms="2062" started-at="2020-08-26T02:10:49 CDT" finished-at="2020-08-26T02:10:52 CDT">
          <reporter-output>
          </reporter-output>
        </test-method> <!-- login -->
        <test-method status="PASS" signature="Search_Box_is_Active()[pri:0, instance:test.Test_Search_Box@4e4aea35]" name="Search_Box_is_Active" duration-ms="45" started-at="2020-08-26T02:10:52 CDT" finished-at="2020-08-26T02:10:52 CDT">
          <reporter-output>
          </reporter-output>
        </test-method> <!-- Search_Box_is_Active -->
        <test-method status="PASS" signature="logout()[pri:0, instance:test.Test_Search_Box@4e4aea35]" name="logout" is-config="true" duration-ms="796" started-at="2020-08-26T02:10:52 CDT" finished-at="2020-08-26T02:10:53 CDT">
          <reporter-output>
          </reporter-output>
        </test-method> <!-- logout -->
      </class> <!-- test.Test_Search_Box -->
    </test> <!-- Test -->
  </suite> <!-- Suite -->
</testng-results>
