<?xml version="1.0" encoding="UTF-8"?>
<!-- Generated by org.testng.reporters.JUnitXMLReporter -->
<testsuite hostname="DESKTOP-Q0VBUNO" ignored="24" name="Test" tests="13" failures="0" timestamp="2020-08-26T02:41:33 CDT" time="57.13" errors="0">
  <testcase name="Newest_Menu_is_Active" time="0.098" classname="test.Test_Newest_Menu"/>
  <testcase name="Safety_Footer_is_Active" time="0.829" classname="test.Test_Safety_Footer"/>
  <testcase name="Create_a_Posting_is_Active" time="1.117" classname="test.Test_Create_Posting"/>
  <testcase name="Searched_Item_Elements_is_Active" time="0.614" classname="test.Test_Search_Item_Page"/>
  <testcase name="Gallery_Menu_is_Active" time="0.088" classname="test.Test_Gallery_Menu"/>
  <testcase name="Search_Box_is_Active" time="0.041" classname="test.Test_Search_Box"/>
  <testcase name="Event_Calender_is_Active" time="0.884" classname="test.Test_Event_Calender"/>
  <testcase name="Language_is_Active" time="0.424" classname="test.Test_Language_Change"/>
  <testcase name="Privacy_Footer_is_Active" time="0.732" classname="test.Test_Privacy_Footer"/>
  <testcase name="Help_Footer_is_Active" time="1.277" classname="test.Test_Help_Footer"/>
  <testcase name="Feedback_Footer_is_Active" time="0.911" classname="test.Test_Feedback_Footer"/>
  <testcase name="About_Footer_is_Active" time="0.729" classname="test.Test_About_Footer"/>
  <testcase name="Pagination_is_Active" time="0.139" classname="test.Test_Pagination"/>
  <testcase name="@BeforeSuite setup" time="0.0" classname="base.TestBase">
    <ignored/>
  </testcase> <!-- @BeforeSuite setup -->
  <testcase name="@BeforeSuite setup" time="0.0" classname="base.TestBase">
    <ignored/>
  </testcase> <!-- @BeforeSuite setup -->
  <testcase name="@BeforeSuite setup" time="0.0" classname="base.TestBase">
    <ignored/>
  </testcase> <!-- @BeforeSuite setup -->
  <testcase name="@BeforeSuite setup" time="0.0" classname="base.TestBase">
    <ignored/>
  </testcase> <!-- @BeforeSuite setup -->
  <testcase name="@BeforeSuite setup" time="0.0" classname="base.TestBase">
    <ignored/>
  </testcase> <!-- @BeforeSuite setup -->
  <testcase name="@BeforeSuite setup" time="0.0" classname="base.TestBase">
    <ignored/>
  </testcase> <!-- @BeforeSuite setup -->
  <testcase name="@BeforeSuite setup" time="0.0" classname="base.TestBase">
    <ignored/>
  </testcase> <!-- @BeforeSuite setup -->
  <testcase name="@BeforeSuite setup" time="0.0" classname="base.TestBase">
    <ignored/>
  </testcase> <!-- @BeforeSuite setup -->
  <testcase name="@BeforeSuite setup" time="0.0" classname="base.TestBase">
    <ignored/>
  </testcase> <!-- @BeforeSuite setup -->
  <testcase name="@BeforeSuite setup" time="0.0" classname="base.TestBase">
    <ignored/>
  </testcase> <!-- @BeforeSuite setup -->
  <testcase name="@BeforeSuite setup" time="0.0" classname="base.TestBase">
    <ignored/>
  </testcase> <!-- @BeforeSuite setup -->
  <testcase name="@BeforeSuite setup" time="0.0" classname="base.TestBase">
    <ignored/>
  </testcase> <!-- @BeforeSuite setup -->
  <testcase name="@AfterSuite tearDown" time="0.0" classname="base.TestBase">
    <ignored/>
  </testcase> <!-- @AfterSuite tearDown -->
  <testcase name="@AfterSuite tearDown" time="0.0" classname="base.TestBase">
    <ignored/>
  </testcase> <!-- @AfterSuite tearDown -->
  <testcase name="@AfterSuite tearDown" time="0.0" classname="base.TestBase">
    <ignored/>
  </testcase> <!-- @AfterSuite tearDown -->
  <testcase name="@AfterSuite tearDown" time="0.0" classname="base.TestBase">
    <ignored/>
  </testcase> <!-- @AfterSuite tearDown -->
  <testcase name="@AfterSuite tearDown" time="0.0" classname="base.TestBase">
    <ignored/>
  </testcase> <!-- @AfterSuite tearDown -->
  <testcase name="@AfterSuite tearDown" time="0.0" classname="base.TestBase">
    <ignored/>
  </testcase> <!-- @AfterSuite tearDown -->
  <testcase name="@AfterSuite tearDown" time="0.0" classname="base.TestBase">
    <ignored/>
  </testcase> <!-- @AfterSuite tearDown -->
  <testcase name="@AfterSuite tearDown" time="0.0" classname="base.TestBase">
    <ignored/>
  </testcase> <!-- @AfterSuite tearDown -->
  <testcase name="@AfterSuite tearDown" time="0.0" classname="base.TestBase">
    <ignored/>
  </testcase> <!-- @AfterSuite tearDown -->
  <testcase name="@AfterSuite tearDown" time="0.0" classname="base.TestBase">
    <ignored/>
  </testcase> <!-- @AfterSuite tearDown -->
  <testcase name="@AfterSuite tearDown" time="0.0" classname="base.TestBase">
    <ignored/>
  </testcase> <!-- @AfterSuite tearDown -->
  <testcase name="@AfterSuite tearDown" time="0.0" classname="base.TestBase">
    <ignored/>
  </testcase> <!-- @AfterSuite tearDown -->
</testsuite> <!-- Test -->
